{"/Users/mcarranza/Documents/Node_workspace/SerialNode/config/injectorConfig.js":{"path":"/Users/mcarranza/Documents/Node_workspace/SerialNode/config/injectorConfig.js","s":{"1":1},"b":{},"f":{},"fnMap":{},"statementMap":{"1":{"start":{"line":3,"column":0},"end":{"line":25,"column":2}}},"branchMap":{}},"/Users/mcarranza/Documents/Node_workspace/SerialNode/config/config.js":{"path":"/Users/mcarranza/Documents/Node_workspace/SerialNode/config/config.js","s":{"1":1,"2":0},"b":{},"f":{"1":0},"fnMap":{"1":{"name":"(anonymous_1)","line":3,"loc":{"start":{"line":3,"column":17},"end":{"line":3,"column":37}}}},"statementMap":{"1":{"start":{"line":3,"column":0},"end":{"line":46,"column":2}},"2":{"start":{"line":4,"column":1},"end":{"line":45,"column":3}}},"branchMap":{}},"/Users/mcarranza/Documents/Node_workspace/SerialNode/lib/factory/app.js":{"path":"/Users/mcarranza/Documents/Node_workspace/SerialNode/lib/factory/app.js","s":{"1":1,"2":0,"3":0,"4":0,"5":0,"6":0},"b":{},"f":{"1":0,"2":0},"fnMap":{"1":{"name":"(anonymous_1)","line":3,"loc":{"start":{"line":3,"column":17},"end":{"line":3,"column":69}}},"2":{"name":"(anonymous_2)","line":7,"loc":{"start":{"line":7,"column":9},"end":{"line":7,"column":33}}}},"statementMap":{"1":{"start":{"line":3,"column":0},"end":{"line":27,"column":1}},"2":{"start":{"line":5,"column":1},"end":{"line":5,"column":21}},"3":{"start":{"line":7,"column":1},"end":{"line":9,"column":4}},"4":{"start":{"line":8,"column":2},"end":{"line":8,"column":9}},"5":{"start":{"line":21,"column":1},"end":{"line":21,"column":29}},"6":{"start":{"line":25,"column":1},"end":{"line":25,"column":12}}},"branchMap":{}},"/Users/mcarranza/Documents/Node_workspace/SerialNode/lib/Signal.js":{"path":"/Users/mcarranza/Documents/Node_workspace/SerialNode/lib/Signal.js","s":{"1":1,"2":0,"3":0,"4":1,"5":0,"6":0,"7":0,"8":0,"9":0,"10":1},"b":{},"f":{"1":0,"2":0,"3":0,"4":0},"fnMap":{"1":{"name":"Signal","line":3,"loc":{"start":{"line":3,"column":0},"end":{"line":3,"column":40}}},"2":{"name":"(anonymous_2)","line":10,"loc":{"start":{"line":10,"column":38},"end":{"line":10,"column":48}}},"3":{"name":"(anonymous_3)","line":14,"loc":{"start":{"line":14,"column":29},"end":{"line":14,"column":41}}},"4":{"name":"(anonymous_4)","line":16,"loc":{"start":{"line":16,"column":32},"end":{"line":16,"column":47}}}},"statementMap":{"1":{"start":{"line":3,"column":0},"end":{"line":8,"column":1}},"2":{"start":{"line":5,"column":1},"end":{"line":5,"column":25}},"3":{"start":{"line":6,"column":1},"end":{"line":6,"column":44}},"4":{"start":{"line":10,"column":0},"end":{"line":24,"column":2}},"5":{"start":{"line":12,"column":1},"end":{"line":12,"column":18}},"6":{"start":{"line":14,"column":1},"end":{"line":22,"column":4}},"7":{"start":{"line":15,"column":3},"end":{"line":15,"column":35}},"8":{"start":{"line":16,"column":3},"end":{"line":20,"column":6}},"9":{"start":{"line":18,"column":4},"end":{"line":18,"column":33}},"10":{"start":{"line":26,"column":0},"end":{"line":26,"column":24}}},"branchMap":{}},"/Users/mcarranza/Documents/Node_workspace/SerialNode/lib/Email.js":{"path":"/Users/mcarranza/Documents/Node_workspace/SerialNode/lib/Email.js","s":{"1":1,"2":0,"3":0,"4":1,"5":0,"6":1,"7":0,"8":0,"9":0,"10":0,"11":0,"12":0,"13":0,"14":0,"15":0,"16":0,"17":1,"18":0,"19":0,"20":0,"21":0,"22":0,"23":0,"24":0,"25":0,"26":0,"27":0,"28":0,"29":0,"30":1},"b":{"1":[0,0],"2":[0,0]},"f":{"1":0,"2":0,"3":0,"4":0,"5":0,"6":0,"7":0},"fnMap":{"1":{"name":"(anonymous_1)","line":3,"loc":{"start":{"line":3,"column":28},"end":{"line":3,"column":47}}},"2":{"name":"(anonymous_2)","line":6,"loc":{"start":{"line":6,"column":35},"end":{"line":6,"column":50}}},"3":{"name":"(anonymous_3)","line":15,"loc":{"start":{"line":15,"column":20},"end":{"line":15,"column":61}}},"4":{"name":"Email","line":32,"loc":{"start":{"line":32,"column":0},"end":{"line":32,"column":47}}},"5":{"name":"(anonymous_5)","line":58,"loc":{"start":{"line":58,"column":23},"end":{"line":58,"column":54}}},"6":{"name":"(anonymous_6)","line":69,"loc":{"start":{"line":69,"column":48},"end":{"line":69,"column":65}}},"7":{"name":"(anonymous_7)","line":76,"loc":{"start":{"line":76,"column":15},"end":{"line":76,"column":27}}}},"statementMap":{"1":{"start":{"line":3,"column":0},"end":{"line":13,"column":2}},"2":{"start":{"line":6,"column":4},"end":{"line":11,"column":7}},"3":{"start":{"line":7,"column":8},"end":{"line":10,"column":10}},"4":{"start":{"line":15,"column":0},"end":{"line":30,"column":2}},"5":{"start":{"line":17,"column":1},"end":{"line":28,"column":6}},"6":{"start":{"line":32,"column":0},"end":{"line":56,"column":1}},"7":{"start":{"line":34,"column":1},"end":{"line":34,"column":25}},"8":{"start":{"line":35,"column":1},"end":{"line":35,"column":32}},"9":{"start":{"line":36,"column":1},"end":{"line":36,"column":27}},"10":{"start":{"line":37,"column":1},"end":{"line":37,"column":25}},"11":{"start":{"line":38,"column":1},"end":{"line":38,"column":15}},"12":{"start":{"line":39,"column":1},"end":{"line":39,"column":39}},"13":{"start":{"line":41,"column":1},"end":{"line":43,"column":9}},"14":{"start":{"line":45,"column":1},"end":{"line":50,"column":9}},"15":{"start":{"line":52,"column":1},"end":{"line":52,"column":75}},"16":{"start":{"line":54,"column":1},"end":{"line":54,"column":29}},"17":{"start":{"line":58,"column":0},"end":{"line":88,"column":2}},"18":{"start":{"line":60,"column":1},"end":{"line":86,"column":2}},"19":{"start":{"line":62,"column":2},"end":{"line":62,"column":48}},"20":{"start":{"line":66,"column":2},"end":{"line":66,"column":19}},"21":{"start":{"line":68,"column":2},"end":{"line":68,"column":65}},"22":{"start":{"line":69,"column":2},"end":{"line":84,"column":5}},"23":{"start":{"line":71,"column":3},"end":{"line":82,"column":4}},"24":{"start":{"line":72,"column":4},"end":{"line":72,"column":23}},"25":{"start":{"line":74,"column":4},"end":{"line":74,"column":37}},"26":{"start":{"line":75,"column":4},"end":{"line":75,"column":44}},"27":{"start":{"line":76,"column":4},"end":{"line":81,"column":40}},"28":{"start":{"line":78,"column":5},"end":{"line":78,"column":44}},"29":{"start":{"line":79,"column":5},"end":{"line":79,"column":51}},"30":{"start":{"line":90,"column":0},"end":{"line":90,"column":23}}},"branchMap":{"1":{"line":60,"type":"if","locations":[{"start":{"line":60,"column":1},"end":{"line":60,"column":1}},{"start":{"line":60,"column":1},"end":{"line":60,"column":1}}]},"2":{"line":71,"type":"if","locations":[{"start":{"line":71,"column":3},"end":{"line":71,"column":3}},{"start":{"line":71,"column":3},"end":{"line":71,"column":3}}]}}},"/Users/mcarranza/Documents/Node_workspace/SerialNode/lib/Mock/Mocker.js":{"path":"/Users/mcarranza/Documents/Node_workspace/SerialNode/lib/Mock/Mocker.js","s":{"1":1,"2":1,"3":1,"4":0,"5":0,"6":0,"7":0,"8":1,"9":0,"10":0,"11":0,"12":0,"13":1,"14":1},"b":{},"f":{"1":0,"2":0},"fnMap":{"1":{"name":"Mocker","line":6,"loc":{"start":{"line":6,"column":0},"end":{"line":6,"column":31}}},"2":{"name":"generateSignal","line":12,"loc":{"start":{"line":12,"column":1},"end":{"line":12,"column":35}}}},"statementMap":{"1":{"start":{"line":3,"column":0},"end":{"line":3,"column":27}},"2":{"start":{"line":4,"column":0},"end":{"line":4,"column":50}},"3":{"start":{"line":6,"column":0},"end":{"line":23,"column":1}},"4":{"start":{"line":7,"column":1},"end":{"line":7,"column":23}},"5":{"start":{"line":8,"column":1},"end":{"line":8,"column":36}},"6":{"start":{"line":9,"column":1},"end":{"line":9,"column":31}},"7":{"start":{"line":10,"column":1},"end":{"line":10,"column":19}},"8":{"start":{"line":12,"column":1},"end":{"line":19,"column":2}},"9":{"start":{"line":14,"column":2},"end":{"line":14,"column":49}},"10":{"start":{"line":15,"column":2},"end":{"line":15,"column":49}},"11":{"start":{"line":17,"column":2},"end":{"line":17,"column":59}},"12":{"start":{"line":21,"column":1},"end":{"line":21,"column":41}},"13":{"start":{"line":44,"column":0},"end":{"line":44,"column":36}},"14":{"start":{"line":46,"column":0},"end":{"line":46,"column":24}}},"branchMap":{}},"/Users/mcarranza/Documents/Node_workspace/SerialNode/lib/SignalSelector.js":{"path":"/Users/mcarranza/Documents/Node_workspace/SerialNode/lib/SignalSelector.js","s":{"1":1,"2":0,"3":0,"4":0,"5":0,"6":1,"7":0,"8":0,"9":0,"10":0,"11":1},"b":{"1":[0,0]},"f":{"1":0,"2":0},"fnMap":{"1":{"name":"SignalSelector","line":3,"loc":{"start":{"line":3,"column":0},"end":{"line":3,"column":52}}},"2":{"name":"(anonymous_2)","line":12,"loc":{"start":{"line":12,"column":34},"end":{"line":12,"column":45}}}},"statementMap":{"1":{"start":{"line":3,"column":0},"end":{"line":10,"column":1}},"2":{"start":{"line":5,"column":1},"end":{"line":5,"column":23}},"3":{"start":{"line":6,"column":1},"end":{"line":6,"column":38}},"4":{"start":{"line":7,"column":1},"end":{"line":7,"column":31}},"5":{"start":{"line":8,"column":1},"end":{"line":8,"column":23}},"6":{"start":{"line":12,"column":0},"end":{"line":23,"column":2}},"7":{"start":{"line":14,"column":1},"end":{"line":18,"column":2}},"8":{"start":{"line":16,"column":2},"end":{"line":16,"column":22}},"9":{"start":{"line":20,"column":1},"end":{"line":20,"column":48}},"10":{"start":{"line":21,"column":1},"end":{"line":21,"column":85}},"11":{"start":{"line":25,"column":0},"end":{"line":25,"column":32}}},"branchMap":{"1":{"line":14,"type":"if","locations":[{"start":{"line":14,"column":1},"end":{"line":14,"column":1}},{"start":{"line":14,"column":1},"end":{"line":14,"column":1}}]}}}}