TN:
SF:/Users/mcarranza/Documents/Node_workspace/SerialNode/config/injectorConfig.js
FNF:0
FNH:0
DA:3,1
LF:1
LH:1
BRF:0
BRH:0
end_of_record
TN:
SF:/Users/mcarranza/Documents/Node_workspace/SerialNode/config/config.js
FN:3,(anonymous_1)
FNF:1
FNH:0
FNDA:0,(anonymous_1)
DA:3,1
DA:4,0
LF:2
LH:1
BRF:0
BRH:0
end_of_record
TN:
SF:/Users/mcarranza/Documents/Node_workspace/SerialNode/lib/factory/app.js
FN:3,(anonymous_1)
FN:7,(anonymous_2)
FNF:2
FNH:0
FNDA:0,(anonymous_1)
FNDA:0,(anonymous_2)
DA:3,1
DA:5,0
DA:7,0
DA:8,0
DA:21,0
DA:25,0
LF:6
LH:1
BRF:0
BRH:0
end_of_record
TN:
SF:/Users/mcarranza/Documents/Node_workspace/SerialNode/lib/Signal.js
FN:3,Signal
FN:10,(anonymous_2)
FN:14,(anonymous_3)
FN:16,(anonymous_4)
FNF:4
FNH:0
FNDA:0,Signal
FNDA:0,(anonymous_2)
FNDA:0,(anonymous_3)
FNDA:0,(anonymous_4)
DA:3,1
DA:5,0
DA:6,0
DA:10,1
DA:12,0
DA:14,0
DA:15,0
DA:16,0
DA:18,0
DA:26,1
LF:10
LH:3
BRF:0
BRH:0
end_of_record
TN:
SF:/Users/mcarranza/Documents/Node_workspace/SerialNode/lib/Email.js
FN:3,(anonymous_1)
FN:6,(anonymous_2)
FN:15,(anonymous_3)
FN:32,Email
FN:58,(anonymous_5)
FN:69,(anonymous_6)
FN:76,(anonymous_7)
FNF:7
FNH:0
FNDA:0,(anonymous_1)
FNDA:0,(anonymous_2)
FNDA:0,(anonymous_3)
FNDA:0,Email
FNDA:0,(anonymous_5)
FNDA:0,(anonymous_6)
FNDA:0,(anonymous_7)
DA:3,1
DA:6,0
DA:7,0
DA:15,1
DA:17,0
DA:32,1
DA:34,0
DA:35,0
DA:36,0
DA:37,0
DA:38,0
DA:39,0
DA:41,0
DA:45,0
DA:52,0
DA:54,0
DA:58,1
DA:60,0
DA:62,0
DA:66,0
DA:68,0
DA:69,0
DA:71,0
DA:72,0
DA:74,0
DA:75,0
DA:76,0
DA:78,0
DA:79,0
DA:90,1
LF:30
LH:5
BRDA:60,1,0,0
BRDA:60,1,1,0
BRDA:71,2,0,0
BRDA:71,2,1,0
BRF:4
BRH:0
end_of_record
TN:
SF:/Users/mcarranza/Documents/Node_workspace/SerialNode/lib/Mock/Mocker.js
FN:6,Mocker
FN:12,generateSignal
FNF:2
FNH:0
FNDA:0,Mocker
FNDA:0,generateSignal
DA:3,1
DA:4,1
DA:6,1
DA:7,0
DA:8,0
DA:9,0
DA:10,0
DA:12,1
DA:14,0
DA:15,0
DA:17,0
DA:21,0
DA:44,1
DA:46,1
LF:14
LH:6
BRF:0
BRH:0
end_of_record
TN:
SF:/Users/mcarranza/Documents/Node_workspace/SerialNode/lib/SignalSelector.js
FN:3,SignalSelector
FN:12,(anonymous_2)
FNF:2
FNH:0
FNDA:0,SignalSelector
FNDA:0,(anonymous_2)
DA:3,1
DA:5,0
DA:6,0
DA:7,0
DA:8,0
DA:12,1
DA:14,0
DA:16,0
DA:20,0
DA:21,0
DA:25,1
LF:11
LH:3
BRDA:14,1,0,0
BRDA:14,1,1,0
BRF:2
BRH:0
end_of_record
